<?xml version="1.0" encoding="UTF-8"?>
<!-- Generated by org.testng.reporters.JUnitReportReporter -->
<testsuite skipped="0" hostname="DESKTOP-0DCMLQF" name="scripts.Testcase1" tests="1" failures="0" timestamp="2023-01-15T11:47:12 IST" time="30.965" errors="0">
  <testcase name="tc1" time="30.965" classname="scripts.Testcase1"/>
  <system-out/>
</testsuite> <!-- scripts.Testcase1 -->
